2022-06-29_20-57-47 [restartedMain] INFO  c.c.i.IpTreatmentMicroServiceApplication - Starting IpTreatmentMicroServiceApplication using Java 11.0.15 on delldurga with PID 4884 (C:\Users\durga\Downloads\CDE-Project-International-Patients-treatment-management (3)\CDE-Project-International-Patients-treatment-management\IPTreatment-MicroService\target\classes started by durga in C:\Users\durga\Downloads\CDE-Project-International-Patients-treatment-management (3)\CDE-Project-International-Patients-treatment-management\IPTreatment-MicroService)
2022-06-29_20-57-47 [restartedMain] INFO  c.c.i.IpTreatmentMicroServiceApplication - No active profile set, falling back to default profiles: default
2022-06-29_20-57-47 [restartedMain] INFO  o.s.b.d.e.DevToolsPropertyDefaultsPostProcessor - Devtools property defaults active! Set 'spring.devtools.add-properties' to 'false' to disable
2022-06-29_20-57-47 [restartedMain] INFO  o.s.b.d.e.DevToolsPropertyDefaultsPostProcessor - For additional web related logging consider setting the 'logging.level.web' property to 'DEBUG'
2022-06-29_20-57-47 [restartedMain] INFO  o.s.d.r.c.RepositoryConfigurationDelegate - Bootstrapping Spring Data JPA repositories in DEFAULT mode.
2022-06-29_20-57-47 [restartedMain] INFO  o.s.d.r.c.RepositoryConfigurationDelegate - Finished Spring Data repository scanning in 54 ms. Found 2 JPA repository interfaces.
2022-06-29_20-57-47 [restartedMain] INFO  o.s.cloud.context.scope.GenericScope - BeanFactory id=318b783b-c79e-3a1f-b12e-8bc1ad31819d
2022-06-29_20-57-47 [restartedMain] INFO  o.s.c.s.PostProcessorRegistrationDelegate$BeanPostProcessorChecker - Bean 'com.cts.iptreatment.feign.AuthorizationClient' of type [org.springframework.cloud.openfeign.FeignClientFactoryBean] is not eligible for getting processed by all BeanPostProcessors (for example: not eligible for auto-proxying)
2022-06-29_20-57-47 [restartedMain] INFO  o.s.c.s.PostProcessorRegistrationDelegate$BeanPostProcessorChecker - Bean 'com.cts.iptreatment.feign.IPTreatmentOfferingClient' of type [org.springframework.cloud.openfeign.FeignClientFactoryBean] is not eligible for getting processed by all BeanPostProcessors (for example: not eligible for auto-proxying)
2022-06-29_20-57-47 [restartedMain] INFO  o.s.b.w.e.tomcat.TomcatWebServer - Tomcat initialized with port(s): 8200 (http)
2022-06-29_20-57-47 [restartedMain] INFO  o.a.coyote.http11.Http11NioProtocol - Initializing ProtocolHandler ["http-nio-8200"]
2022-06-29_20-57-47 [restartedMain] INFO  o.a.catalina.core.StandardService - Starting service [Tomcat]
2022-06-29_20-57-47 [restartedMain] INFO  o.a.catalina.core.StandardEngine - Starting Servlet engine: [Apache Tomcat/9.0.41]
2022-06-29_20-57-47 [restartedMain] INFO  o.a.c.c.C.[.[.[/ipTreatment] - Initializing Spring embedded WebApplicationContext
2022-06-29_20-57-47 [restartedMain] INFO  o.s.b.w.s.c.ServletWebServerApplicationContext - Root WebApplicationContext: initialization completed in 1987 ms
2022-06-29_20-57-47 [restartedMain] INFO  com.zaxxer.hikari.HikariDataSource - HikariPool-1 - Starting...
2022-06-29_20-57-47 [restartedMain] INFO  com.zaxxer.hikari.HikariDataSource - HikariPool-1 - Start completed.
2022-06-29_20-57-47 [restartedMain] INFO  o.s.b.a.h.H2ConsoleAutoConfiguration - H2 console available at '/db'. Database available at 'jdbc:h2:mem:treatment_db'
2022-06-29_20-57-47 [restartedMain] INFO  o.s.o.j.LocalContainerEntityManagerFactoryBean - Initialized JPA EntityManagerFactory for persistence unit 'default'
2022-06-29_20-57-47 [restartedMain] INFO  o.s.b.d.a.OptionalLiveReloadServer - LiveReload server is running on port 35729
2022-06-29_20-57-47 [restartedMain] INFO  s.d.s.w.PropertySourcedRequestMappingHandlerMapping - Mapped URL path [/v2/api-docs] onto method [springfox.documentation.swagger2.web.Swagger2Controller#getDocumentation(String, HttpServletRequest)]
2022-06-29_20-57-47 [restartedMain] INFO  o.s.s.c.ThreadPoolTaskExecutor - Initializing ExecutorService 'applicationTaskExecutor'
2022-06-29_20-57-47 [restartedMain] INFO  o.a.coyote.http11.Http11NioProtocol - Starting ProtocolHandler ["http-nio-8200"]
2022-06-29_20-57-47 [restartedMain] INFO  o.s.b.w.e.tomcat.TomcatWebServer - Tomcat started on port(s): 8200 (http) with context path '/ipTreatment'
2022-06-29_20-57-47 [restartedMain] INFO  s.d.s.w.p.DocumentationPluginsBootstrapper - Context refreshed
2022-06-29_20-57-47 [restartedMain] INFO  s.d.s.w.p.DocumentationPluginsBootstrapper - Found 1 custom documentation plugin(s)
2022-06-29_20-57-47 [restartedMain] INFO  s.d.s.w.s.ApiListingReferenceScanner - Scanning for api listing references
2022-06-29_20-57-47 [restartedMain] INFO  c.c.i.IpTreatmentMicroServiceApplication - Started IpTreatmentMicroServiceApplication in 6.627 seconds (JVM running for 8.629)
2022-06-29_20-57-47 [RMI TCP Connection(10)-127.0.0.1] INFO  o.s.b.a.SpringApplicationAdminMXBeanRegistrar$SpringApplicationAdmin - Application shutdown requested.
2022-06-29_20-57-47 [RMI TCP Connection(10)-127.0.0.1] INFO  o.s.s.c.ThreadPoolTaskExecutor - Shutting down ExecutorService 'applicationTaskExecutor'
2022-06-29_20-57-47 [RMI TCP Connection(10)-127.0.0.1] INFO  o.s.o.j.LocalContainerEntityManagerFactoryBean - Closing JPA EntityManagerFactory for persistence unit 'default'
2022-06-29_20-57-47 [RMI TCP Connection(10)-127.0.0.1] INFO  com.zaxxer.hikari.HikariDataSource - HikariPool-1 - Shutdown initiated...
2022-06-29_20-57-47 [RMI TCP Connection(10)-127.0.0.1] INFO  com.zaxxer.hikari.HikariDataSource - HikariPool-1 - Shutdown completed.
