2022-06-30_07-56-20 [restartedMain] INFO  c.c.m.IpTreatmentOfferingApplication - Starting IpTreatmentOfferingApplication using Java 11.0.15 on delldurga with PID 15260 (C:\Users\durga\Downloads\CDE-Project-International-Patients-treatment-management (3)\CDE-Project-International-Patients-treatment-management\IPTreatmentOffering-Microservice\target\classes started by durga in C:\Users\durga\Downloads\CDE-Project-International-Patients-treatment-management (3)\CDE-Project-International-Patients-treatment-management\IPTreatmentOffering-Microservice)
2022-06-30_07-56-20 [restartedMain] INFO  c.c.m.IpTreatmentOfferingApplication - No active profile set, falling back to default profiles: default
2022-06-30_07-56-20 [restartedMain] INFO  o.s.b.d.e.DevToolsPropertyDefaultsPostProcessor - Devtools property defaults active! Set 'spring.devtools.add-properties' to 'false' to disable
2022-06-30_07-56-20 [restartedMain] INFO  o.s.b.d.e.DevToolsPropertyDefaultsPostProcessor - For additional web related logging consider setting the 'logging.level.web' property to 'DEBUG'
2022-06-30_07-56-20 [restartedMain] INFO  o.s.d.r.c.RepositoryConfigurationDelegate - Bootstrapping Spring Data JPA repositories in DEFAULT mode.
2022-06-30_07-56-20 [restartedMain] INFO  o.s.d.r.c.RepositoryConfigurationDelegate - Finished Spring Data repository scanning in 81 ms. Found 3 JPA repository interfaces.
2022-06-30_07-56-20 [restartedMain] INFO  o.s.cloud.context.scope.GenericScope - BeanFactory id=48fde87a-f98c-3278-b0ad-815ae73789d1
2022-06-30_07-56-20 [restartedMain] INFO  o.s.c.s.PostProcessorRegistrationDelegate$BeanPostProcessorChecker - Bean 'com.cts.mfpe.feign.AuthorisingClient' of type [org.springframework.cloud.openfeign.FeignClientFactoryBean] is not eligible for getting processed by all BeanPostProcessors (for example: not eligible for auto-proxying)
2022-06-30_07-56-20 [restartedMain] INFO  o.s.b.w.e.tomcat.TomcatWebServer - Tomcat initialized with port(s): 8100 (http)
2022-06-30_07-56-20 [restartedMain] INFO  o.a.coyote.http11.Http11NioProtocol - Initializing ProtocolHandler ["http-nio-8100"]
2022-06-30_07-56-20 [restartedMain] INFO  o.a.catalina.core.StandardService - Starting service [Tomcat]
2022-06-30_07-56-20 [restartedMain] INFO  o.a.catalina.core.StandardEngine - Starting Servlet engine: [Apache Tomcat/9.0.41]
2022-06-30_07-56-20 [restartedMain] INFO  o.a.c.c.C.[.[.[/ipTreatmentOffering] - Initializing Spring embedded WebApplicationContext
2022-06-30_07-56-20 [restartedMain] INFO  o.s.b.w.s.c.ServletWebServerApplicationContext - Root WebApplicationContext: initialization completed in 4051 ms
2022-06-30_07-56-20 [restartedMain] INFO  com.zaxxer.hikari.HikariDataSource - HikariPool-1 - Starting...
2022-06-30_07-56-20 [restartedMain] INFO  com.zaxxer.hikari.HikariDataSource - HikariPool-1 - Start completed.
2022-06-30_07-56-20 [restartedMain] INFO  o.s.b.a.h.H2ConsoleAutoConfiguration - H2 console available at '/db'. Database available at 'jdbc:h2:mem:ipms_db'
2022-06-30_07-56-20 [restartedMain] INFO  o.s.o.j.LocalContainerEntityManagerFactoryBean - Initialized JPA EntityManagerFactory for persistence unit 'default'
2022-06-30_07-56-20 [restartedMain] INFO  s.d.s.w.PropertySourcedRequestMappingHandlerMapping - Mapped URL path [/v2/api-docs] onto method [springfox.documentation.swagger2.web.Swagger2Controller#getDocumentation(String, HttpServletRequest)]
2022-06-30_07-56-20 [restartedMain] INFO  o.s.s.c.ThreadPoolTaskExecutor - Initializing ExecutorService 'applicationTaskExecutor'
2022-06-30_07-56-20 [restartedMain] INFO  o.a.coyote.http11.Http11NioProtocol - Starting ProtocolHandler ["http-nio-8100"]
2022-06-30_07-56-20 [restartedMain] INFO  o.s.b.w.e.tomcat.TomcatWebServer - Tomcat started on port(s): 8100 (http) with context path '/ipTreatmentOffering'
2022-06-30_07-56-20 [restartedMain] INFO  s.d.s.w.p.DocumentationPluginsBootstrapper - Context refreshed
2022-06-30_07-56-20 [restartedMain] INFO  s.d.s.w.p.DocumentationPluginsBootstrapper - Found 1 custom documentation plugin(s)
2022-06-30_07-56-20 [restartedMain] INFO  s.d.s.w.s.ApiListingReferenceScanner - Scanning for api listing references
2022-06-30_07-56-20 [restartedMain] INFO  c.c.m.IpTreatmentOfferingApplication - Started IpTreatmentOfferingApplication in 11.859 seconds (JVM running for 13.125)
2022-06-30_07-56-20 [http-nio-8100-exec-2] INFO  o.a.c.c.C.[.[.[/ipTreatmentOffering] - Initializing Spring DispatcherServlet 'dispatcherServlet'
2022-06-30_07-56-20 [http-nio-8100-exec-2] INFO  o.s.web.servlet.DispatcherServlet - Initializing Servlet 'dispatcherServlet'
2022-06-30_07-56-20 [http-nio-8100-exec-2] INFO  o.s.web.servlet.DispatcherServlet - Completed initialization in 1 ms
2022-06-30_07-56-20 [http-nio-8100-exec-6] INFO  c.c.m.s.IPTreatmentOfferingServiceImpl - [IPTreatmentPackage (Package 1) detail:] IPTreatmentPackage(treatmentPackageId=3, ailmentCategory=UROLOGY, packageDetail=PackageDetail(pid=103, treatmentPackageName=Package 1, testDetails=[UPT1, UPT2], cost=40000, treatmentDuration=4))
2022-06-30_07-56-20 [http-nio-8100-exec-5] INFO  c.c.m.s.IPTreatmentOfferingServiceImpl - [IPTreatmentPackage (Package 1) detail:] IPTreatmentPackage(treatmentPackageId=3, ailmentCategory=UROLOGY, packageDetail=PackageDetail(pid=103, treatmentPackageName=Package 1, testDetails=[UPT1, UPT2], cost=40000, treatmentDuration=4))
2022-06-30_07-56-20 [http-nio-8100-exec-7] INFO  c.c.m.s.IPTreatmentOfferingServiceImpl - [IPTreatmentPackage (Package 1) detail:] IPTreatmentPackage(treatmentPackageId=3, ailmentCategory=UROLOGY, packageDetail=PackageDetail(pid=103, treatmentPackageName=Package 1, testDetails=[UPT1, UPT2], cost=40000, treatmentDuration=4))
2022-06-30_07-56-20 [http-nio-8100-exec-6] INFO  c.c.m.s.IPTreatmentOfferingServiceImpl - [IPTreatmentPackage (Package 1) detail:] IPTreatmentPackage(treatmentPackageId=3, ailmentCategory=UROLOGY, packageDetail=PackageDetail(pid=103, treatmentPackageName=Package 1, testDetails=[UPT1, UPT2], cost=40000, treatmentDuration=4))
2022-06-30_07-56-20 [http-nio-8100-exec-4] INFO  c.c.m.s.IPTreatmentOfferingServiceImpl - [IPTreatmentPackage (Package 1) detail:] IPTreatmentPackage(treatmentPackageId=3, ailmentCategory=UROLOGY, packageDetail=PackageDetail(pid=103, treatmentPackageName=Package 1, testDetails=[UPT1, UPT2], cost=40000, treatmentDuration=4))
2022-06-30_07-56-20 [http-nio-8100-exec-1] INFO  c.c.m.s.IPTreatmentOfferingServiceImpl - [IPTreatmentPackage (Package 1) detail:] IPTreatmentPackage(treatmentPackageId=3, ailmentCategory=UROLOGY, packageDetail=PackageDetail(pid=103, treatmentPackageName=Package 1, testDetails=[UPT1, UPT2], cost=40000, treatmentDuration=4))
2022-06-30_07-56-20 [http-nio-8100-exec-9] INFO  c.c.m.s.IPTreatmentOfferingServiceImpl - [IPTreatmentPackage (Package 1) detail:] IPTreatmentPackage(treatmentPackageId=3, ailmentCategory=UROLOGY, packageDetail=PackageDetail(pid=103, treatmentPackageName=Package 1, testDetails=[UPT1, UPT2], cost=40000, treatmentDuration=4))
2022-06-30_07-56-20 [http-nio-8100-exec-10] INFO  c.c.m.s.IPTreatmentOfferingServiceImpl - [IPTreatmentPackage (Package 1) detail:] IPTreatmentPackage(treatmentPackageId=3, ailmentCategory=UROLOGY, packageDetail=PackageDetail(pid=103, treatmentPackageName=Package 1, testDetails=[UPT1, UPT2], cost=40000, treatmentDuration=4))
2022-06-30_07-56-20 [http-nio-8100-exec-6] INFO  c.c.m.s.IPTreatmentOfferingServiceImpl - [IPTreatmentPackage (Package 2) detail:] IPTreatmentPackage(treatmentPackageId=4, ailmentCategory=UROLOGY, packageDetail=PackageDetail(pid=104, treatmentPackageName=Package 2, testDetails=[UPT3, UPT4], cost=50000, treatmentDuration=6))
2022-06-30_07-56-20 [http-nio-8100-exec-4] INFO  c.c.m.s.IPTreatmentOfferingServiceImpl - [IPTreatmentPackage (Package 1) detail:] IPTreatmentPackage(treatmentPackageId=3, ailmentCategory=UROLOGY, packageDetail=PackageDetail(pid=103, treatmentPackageName=Package 1, testDetails=[UPT1, UPT2], cost=40000, treatmentDuration=4))
2022-06-30_07-56-20 [http-nio-8100-exec-9] INFO  c.c.m.s.IPTreatmentOfferingServiceImpl - [IPTreatmentPackage details:] [IPTreatmentPackage(treatmentPackageId=1, ailmentCategory=ORTHOPAIDICS, packageDetail=PackageDetail(pid=101, treatmentPackageName=Package 1, testDetails=[OPT1, OPT2], cost=25000, treatmentDuration=4)), IPTreatmentPackage(treatmentPackageId=2, ailmentCategory=ORTHOPAIDICS, packageDetail=PackageDetail(pid=102, treatmentPackageName=Package 2, testDetails=[OPT3, OPT4], cost=30000, treatmentDuration=6)), IPTreatmentPackage(treatmentPackageId=3, ailmentCategory=UROLOGY, packageDetail=PackageDetail(pid=103, treatmentPackageName=Package 1, testDetails=[UPT1, UPT2], cost=40000, treatmentDuration=4)), IPTreatmentPackage(treatmentPackageId=4, ailmentCategory=UROLOGY, packageDetail=PackageDetail(pid=104, treatmentPackageName=Package 2, testDetails=[UPT3, UPT4], cost=50000, treatmentDuration=6))]
2022-06-30_07-56-20 [http-nio-8100-exec-5] INFO  c.c.m.s.IPTreatmentOfferingServiceImpl - [IPTreatmentPackage (Package 2) detail:] IPTreatmentPackage(treatmentPackageId=4, ailmentCategory=UROLOGY, packageDetail=PackageDetail(pid=104, treatmentPackageName=Package 2, testDetails=[UPT3, UPT4], cost=50000, treatmentDuration=6))
2022-06-30_07-56-20 [http-nio-8100-exec-8] INFO  c.c.m.s.IPTreatmentOfferingServiceImpl - [Specialist details:] [SpecialistDetail(specialistId=1, name=Dr Riya, areaOfExpertise=ORTHOPAIDICS, experienceInYears=10, contactNumber=9945672345), SpecialistDetail(specialistId=2, name=Dr Karan, areaOfExpertise=ORTHOPAIDICS, experienceInYears=8, contactNumber=8876523457), SpecialistDetail(specialistId=3, name=Dr Harsh, areaOfExpertise=UROLOGY, experienceInYears=7, contactNumber=9422467465), SpecialistDetail(specialistId=4, name=Dr Shreya, areaOfExpertise=UROLOGY, experienceInYears=11, contactNumber=756842689)]
2022-06-30_07-56-20 [Thread-1] INFO  o.s.s.c.ThreadPoolTaskExecutor - Shutting down ExecutorService 'applicationTaskExecutor'
2022-06-30_07-56-20 [Thread-1] INFO  o.s.o.j.LocalContainerEntityManagerFactoryBean - Closing JPA EntityManagerFactory for persistence unit 'default'
2022-06-30_07-56-20 [Thread-1] INFO  com.zaxxer.hikari.HikariDataSource - HikariPool-1 - Shutdown initiated...
2022-06-30_07-56-20 [Thread-1] INFO  com.zaxxer.hikari.HikariDataSource - HikariPool-1 - Shutdown completed.
2022-06-30_10-54-47 [restartedMain] INFO  c.c.m.IpTreatmentOfferingApplication - Starting IpTreatmentOfferingApplication using Java 11.0.15 on delldurga with PID 15260 (C:\Users\durga\Downloads\CDE-Project-International-Patients-treatment-management (3)\CDE-Project-International-Patients-treatment-management\IPTreatmentOffering-Microservice\target\classes started by durga in C:\Users\durga\Downloads\CDE-Project-International-Patients-treatment-management (3)\CDE-Project-International-Patients-treatment-management\IPTreatmentOffering-Microservice)
2022-06-30_10-54-47 [restartedMain] INFO  c.c.m.IpTreatmentOfferingApplication - No active profile set, falling back to default profiles: default
2022-06-30_10-54-47 [restartedMain] INFO  o.s.d.r.c.RepositoryConfigurationDelegate - Bootstrapping Spring Data JPA repositories in DEFAULT mode.
2022-06-30_10-54-47 [restartedMain] INFO  o.s.d.r.c.RepositoryConfigurationDelegate - Finished Spring Data repository scanning in 30 ms. Found 3 JPA repository interfaces.
2022-06-30_10-54-47 [restartedMain] INFO  o.s.cloud.context.scope.GenericScope - BeanFactory id=48fde87a-f98c-3278-b0ad-815ae73789d1
2022-06-30_10-54-47 [restartedMain] INFO  o.s.c.s.PostProcessorRegistrationDelegate$BeanPostProcessorChecker - Bean 'com.cts.mfpe.feign.AuthorisingClient' of type [org.springframework.cloud.openfeign.FeignClientFactoryBean] is not eligible for getting processed by all BeanPostProcessors (for example: not eligible for auto-proxying)
2022-06-30_10-54-47 [restartedMain] INFO  o.s.b.w.e.tomcat.TomcatWebServer - Tomcat initialized with port(s): 8100 (http)
2022-06-30_10-54-47 [restartedMain] INFO  o.a.coyote.http11.Http11NioProtocol - Initializing ProtocolHandler ["http-nio-8100"]
2022-06-30_10-54-47 [restartedMain] INFO  o.a.catalina.core.StandardService - Starting service [Tomcat]
2022-06-30_10-54-47 [restartedMain] INFO  o.a.catalina.core.StandardEngine - Starting Servlet engine: [Apache Tomcat/9.0.41]
2022-06-30_10-54-47 [restartedMain] INFO  o.a.c.c.C.[.[.[/ipTreatmentOffering] - Initializing Spring embedded WebApplicationContext
2022-06-30_10-54-47 [restartedMain] INFO  o.s.b.w.s.c.ServletWebServerApplicationContext - Root WebApplicationContext: initialization completed in 1214 ms
2022-06-30_10-54-47 [restartedMain] INFO  com.zaxxer.hikari.HikariDataSource - HikariPool-2 - Starting...
2022-06-30_10-54-47 [restartedMain] INFO  com.zaxxer.hikari.HikariDataSource - HikariPool-2 - Start completed.
2022-06-30_10-54-47 [restartedMain] INFO  o.s.b.a.h.H2ConsoleAutoConfiguration - H2 console available at '/db'. Database available at 'jdbc:h2:mem:ipms_db'
2022-06-30_10-54-47 [restartedMain] INFO  o.s.o.j.LocalContainerEntityManagerFactoryBean - Initialized JPA EntityManagerFactory for persistence unit 'default'
2022-06-30_10-54-47 [restartedMain] INFO  s.d.s.w.PropertySourcedRequestMappingHandlerMapping - Mapped URL path [/v2/api-docs] onto method [springfox.documentation.swagger2.web.Swagger2Controller#getDocumentation(String, HttpServletRequest)]
2022-06-30_10-54-47 [restartedMain] INFO  o.s.s.c.ThreadPoolTaskExecutor - Initializing ExecutorService 'applicationTaskExecutor'
2022-06-30_10-54-47 [restartedMain] INFO  o.a.coyote.http11.Http11NioProtocol - Starting ProtocolHandler ["http-nio-8100"]
2022-06-30_10-54-47 [restartedMain] INFO  o.s.b.w.e.tomcat.TomcatWebServer - Tomcat started on port(s): 8100 (http) with context path '/ipTreatmentOffering'
2022-06-30_10-54-47 [restartedMain] INFO  s.d.s.w.p.DocumentationPluginsBootstrapper - Context refreshed
2022-06-30_10-54-47 [restartedMain] INFO  s.d.s.w.p.DocumentationPluginsBootstrapper - Found 1 custom documentation plugin(s)
2022-06-30_10-54-47 [restartedMain] INFO  s.d.s.w.s.ApiListingReferenceScanner - Scanning for api listing references
2022-06-30_10-54-47 [restartedMain] INFO  c.c.m.IpTreatmentOfferingApplication - Started IpTreatmentOfferingApplication in 3.974 seconds (JVM running for 10712.417)
2022-06-30_10-54-47 [restartedMain] INFO  o.s.b.d.a.ConditionEvaluationDeltaLoggingListener - Condition evaluation unchanged
2022-06-30_11-32-55 [restartedMain] INFO  c.c.m.IpTreatmentOfferingApplication - Starting IpTreatmentOfferingApplication using Java 11.0.15 on delldurga with PID 5000 (C:\Users\durga\Downloads\CDE-Project-International-Patients-treatment-management (3)\CDE-Project-International-Patients-treatment-management\IPTreatmentOffering-Microservice\target\classes started by durga in C:\Users\durga\Downloads\CDE-Project-International-Patients-treatment-management (3)\CDE-Project-International-Patients-treatment-management\IPTreatmentOffering-Microservice)
2022-06-30_11-32-55 [restartedMain] INFO  c.c.m.IpTreatmentOfferingApplication - No active profile set, falling back to default profiles: default
2022-06-30_11-32-55 [restartedMain] INFO  o.s.b.d.e.DevToolsPropertyDefaultsPostProcessor - Devtools property defaults active! Set 'spring.devtools.add-properties' to 'false' to disable
2022-06-30_11-32-55 [restartedMain] INFO  o.s.b.d.e.DevToolsPropertyDefaultsPostProcessor - For additional web related logging consider setting the 'logging.level.web' property to 'DEBUG'
2022-06-30_11-32-55 [restartedMain] INFO  o.s.d.r.c.RepositoryConfigurationDelegate - Bootstrapping Spring Data JPA repositories in DEFAULT mode.
2022-06-30_11-32-55 [restartedMain] INFO  o.s.d.r.c.RepositoryConfigurationDelegate - Finished Spring Data repository scanning in 85 ms. Found 3 JPA repository interfaces.
2022-06-30_11-32-55 [restartedMain] INFO  o.s.cloud.context.scope.GenericScope - BeanFactory id=48fde87a-f98c-3278-b0ad-815ae73789d1
2022-06-30_11-32-55 [restartedMain] INFO  o.s.c.s.PostProcessorRegistrationDelegate$BeanPostProcessorChecker - Bean 'com.cts.mfpe.feign.AuthorisingClient' of type [org.springframework.cloud.openfeign.FeignClientFactoryBean] is not eligible for getting processed by all BeanPostProcessors (for example: not eligible for auto-proxying)
2022-06-30_11-32-55 [restartedMain] INFO  o.s.b.w.e.tomcat.TomcatWebServer - Tomcat initialized with port(s): 8100 (http)
2022-06-30_11-32-55 [restartedMain] INFO  o.a.coyote.http11.Http11NioProtocol - Initializing ProtocolHandler ["http-nio-8100"]
2022-06-30_11-32-55 [restartedMain] INFO  o.a.catalina.core.StandardService - Starting service [Tomcat]
2022-06-30_11-32-55 [restartedMain] INFO  o.a.catalina.core.StandardEngine - Starting Servlet engine: [Apache Tomcat/9.0.41]
2022-06-30_11-32-55 [restartedMain] INFO  o.a.c.c.C.[.[.[/ipTreatmentOffering] - Initializing Spring embedded WebApplicationContext
2022-06-30_11-32-55 [restartedMain] INFO  o.s.b.w.s.c.ServletWebServerApplicationContext - Root WebApplicationContext: initialization completed in 3767 ms
2022-06-30_11-32-55 [restartedMain] INFO  com.zaxxer.hikari.HikariDataSource - HikariPool-1 - Starting...
2022-06-30_11-32-55 [restartedMain] INFO  com.zaxxer.hikari.HikariDataSource - HikariPool-1 - Start completed.
2022-06-30_11-32-55 [restartedMain] INFO  o.s.b.a.h.H2ConsoleAutoConfiguration - H2 console available at '/db'. Database available at 'jdbc:h2:mem:ipms_db'
2022-06-30_11-32-55 [restartedMain] INFO  o.s.o.j.LocalContainerEntityManagerFactoryBean - Initialized JPA EntityManagerFactory for persistence unit 'default'
2022-06-30_11-32-55 [restartedMain] INFO  s.d.s.w.PropertySourcedRequestMappingHandlerMapping - Mapped URL path [/v2/api-docs] onto method [springfox.documentation.swagger2.web.Swagger2Controller#getDocumentation(String, HttpServletRequest)]
2022-06-30_11-32-55 [restartedMain] INFO  o.s.s.c.ThreadPoolTaskExecutor - Initializing ExecutorService 'applicationTaskExecutor'
2022-06-30_11-32-55 [restartedMain] INFO  o.a.coyote.http11.Http11NioProtocol - Starting ProtocolHandler ["http-nio-8100"]
2022-06-30_11-32-55 [restartedMain] INFO  o.s.b.w.e.tomcat.TomcatWebServer - Tomcat started on port(s): 8100 (http) with context path '/ipTreatmentOffering'
2022-06-30_11-32-55 [restartedMain] INFO  s.d.s.w.p.DocumentationPluginsBootstrapper - Context refreshed
2022-06-30_11-32-55 [restartedMain] INFO  s.d.s.w.p.DocumentationPluginsBootstrapper - Found 1 custom documentation plugin(s)
2022-06-30_11-32-55 [restartedMain] INFO  s.d.s.w.s.ApiListingReferenceScanner - Scanning for api listing references
2022-06-30_11-32-55 [restartedMain] INFO  c.c.m.IpTreatmentOfferingApplication - Started IpTreatmentOfferingApplication in 10.468 seconds (JVM running for 11.639)
2022-06-30_11-32-55 [http-nio-8100-exec-1] INFO  o.a.c.c.C.[.[.[/ipTreatmentOffering] - Initializing Spring DispatcherServlet 'dispatcherServlet'
2022-06-30_11-32-55 [http-nio-8100-exec-1] INFO  o.s.web.servlet.DispatcherServlet - Initializing Servlet 'dispatcherServlet'
2022-06-30_11-32-55 [http-nio-8100-exec-1] INFO  o.s.web.servlet.DispatcherServlet - Completed initialization in 6 ms
2022-06-30_11-32-55 [http-nio-8100-exec-1] INFO  c.c.m.s.IPTreatmentOfferingServiceImpl - [IPTreatmentPackage (Package 1) detail:] IPTreatmentPackage(treatmentPackageId=3, ailmentCategory=UROLOGY, packageDetail=PackageDetail(pid=103, treatmentPackageName=Package 1, testDetails=[UPT1, UPT2], cost=40000, treatmentDuration=4))
2022-06-30_11-32-55 [http-nio-8100-exec-4] INFO  c.c.m.s.IPTreatmentOfferingServiceImpl - [IPTreatmentPackage details:] [IPTreatmentPackage(treatmentPackageId=1, ailmentCategory=ORTHOPAIDICS, packageDetail=PackageDetail(pid=101, treatmentPackageName=Package 1, testDetails=[OPT1, OPT2], cost=25000, treatmentDuration=4)), IPTreatmentPackage(treatmentPackageId=2, ailmentCategory=ORTHOPAIDICS, packageDetail=PackageDetail(pid=102, treatmentPackageName=Package 2, testDetails=[OPT3, OPT4], cost=30000, treatmentDuration=6)), IPTreatmentPackage(treatmentPackageId=3, ailmentCategory=UROLOGY, packageDetail=PackageDetail(pid=103, treatmentPackageName=Package 1, testDetails=[UPT1, UPT2], cost=40000, treatmentDuration=4)), IPTreatmentPackage(treatmentPackageId=4, ailmentCategory=UROLOGY, packageDetail=PackageDetail(pid=104, treatmentPackageName=Package 2, testDetails=[UPT3, UPT4], cost=50000, treatmentDuration=6))]
2022-06-30_11-32-55 [http-nio-8100-exec-7] INFO  c.c.m.s.IPTreatmentOfferingServiceImpl - [IPTreatmentPackage (Package 2) detail:] IPTreatmentPackage(treatmentPackageId=4, ailmentCategory=UROLOGY, packageDetail=PackageDetail(pid=104, treatmentPackageName=Package 2, testDetails=[UPT3, UPT4], cost=50000, treatmentDuration=6))
2022-06-30_11-32-55 [http-nio-8100-exec-8] INFO  c.c.m.s.IPTreatmentOfferingServiceImpl - [Specialist details:] [SpecialistDetail(specialistId=1, name=Dr Riya, areaOfExpertise=ORTHOPAIDICS, experienceInYears=10, contactNumber=9945672345), SpecialistDetail(specialistId=2, name=Dr Karan, areaOfExpertise=ORTHOPAIDICS, experienceInYears=8, contactNumber=8876523457), SpecialistDetail(specialistId=3, name=Dr Harsh, areaOfExpertise=UROLOGY, experienceInYears=7, contactNumber=9422467465), SpecialistDetail(specialistId=4, name=Dr Shreya, areaOfExpertise=UROLOGY, experienceInYears=11, contactNumber=756842689)]
2022-06-30_11-32-55 [http-nio-8100-exec-1] INFO  c.c.m.s.IPTreatmentOfferingServiceImpl - [Specialist details:] [SpecialistDetail(specialistId=1, name=Dr Riya, areaOfExpertise=ORTHOPAIDICS, experienceInYears=10, contactNumber=9945672345), SpecialistDetail(specialistId=2, name=Dr Karan, areaOfExpertise=ORTHOPAIDICS, experienceInYears=8, contactNumber=8876523457), SpecialistDetail(specialistId=3, name=Dr Harsh, areaOfExpertise=UROLOGY, experienceInYears=7, contactNumber=9422467465), SpecialistDetail(specialistId=4, name=Dr Shreya, areaOfExpertise=UROLOGY, experienceInYears=11, contactNumber=756842689)]
2022-06-30_11-32-55 [http-nio-8100-exec-5] INFO  c.c.m.s.IPTreatmentOfferingServiceImpl - [Specialist details:] [SpecialistDetail(specialistId=1, name=Dr Riya, areaOfExpertise=ORTHOPAIDICS, experienceInYears=10, contactNumber=9945672345), SpecialistDetail(specialistId=2, name=Dr Karan, areaOfExpertise=ORTHOPAIDICS, experienceInYears=8, contactNumber=8876523457), SpecialistDetail(specialistId=4, name=Dr Shreya, areaOfExpertise=UROLOGY, experienceInYears=11, contactNumber=756842689)]
2022-06-30_11-32-55 [Thread-1] INFO  o.s.s.c.ThreadPoolTaskExecutor - Shutting down ExecutorService 'applicationTaskExecutor'
2022-06-30_11-32-55 [Thread-1] INFO  o.s.o.j.LocalContainerEntityManagerFactoryBean - Closing JPA EntityManagerFactory for persistence unit 'default'
2022-06-30_11-32-55 [Thread-1] INFO  com.zaxxer.hikari.HikariDataSource - HikariPool-1 - Shutdown initiated...
2022-06-30_11-32-55 [Thread-1] INFO  com.zaxxer.hikari.HikariDataSource - HikariPool-1 - Shutdown completed.
2022-06-30_11-56-55 [restartedMain] INFO  c.c.m.IpTreatmentOfferingApplication - Starting IpTreatmentOfferingApplication using Java 11.0.15 on delldurga with PID 5000 (C:\Users\durga\Downloads\CDE-Project-International-Patients-treatment-management (3)\CDE-Project-International-Patients-treatment-management\IPTreatmentOffering-Microservice\target\classes started by durga in C:\Users\durga\Downloads\CDE-Project-International-Patients-treatment-management (3)\CDE-Project-International-Patients-treatment-management\IPTreatmentOffering-Microservice)
2022-06-30_11-56-55 [restartedMain] INFO  c.c.m.IpTreatmentOfferingApplication - No active profile set, falling back to default profiles: default
2022-06-30_11-56-55 [restartedMain] INFO  o.s.d.r.c.RepositoryConfigurationDelegate - Bootstrapping Spring Data JPA repositories in DEFAULT mode.
2022-06-30_11-56-55 [restartedMain] INFO  o.s.d.r.c.RepositoryConfigurationDelegate - Finished Spring Data repository scanning in 31 ms. Found 3 JPA repository interfaces.
2022-06-30_11-56-55 [restartedMain] INFO  o.s.cloud.context.scope.GenericScope - BeanFactory id=48fde87a-f98c-3278-b0ad-815ae73789d1
2022-06-30_11-56-55 [restartedMain] INFO  o.s.c.s.PostProcessorRegistrationDelegate$BeanPostProcessorChecker - Bean 'com.cts.mfpe.feign.AuthorisingClient' of type [org.springframework.cloud.openfeign.FeignClientFactoryBean] is not eligible for getting processed by all BeanPostProcessors (for example: not eligible for auto-proxying)
2022-06-30_11-56-55 [restartedMain] INFO  o.s.b.w.e.tomcat.TomcatWebServer - Tomcat initialized with port(s): 8100 (http)
2022-06-30_11-56-55 [restartedMain] INFO  o.a.coyote.http11.Http11NioProtocol - Initializing ProtocolHandler ["http-nio-8100"]
2022-06-30_11-56-55 [restartedMain] INFO  o.a.catalina.core.StandardService - Starting service [Tomcat]
2022-06-30_11-56-55 [restartedMain] INFO  o.a.catalina.core.StandardEngine - Starting Servlet engine: [Apache Tomcat/9.0.41]
2022-06-30_11-56-55 [restartedMain] INFO  o.a.c.c.C.[.[.[/ipTreatmentOffering] - Initializing Spring embedded WebApplicationContext
2022-06-30_11-56-55 [restartedMain] INFO  o.s.b.w.s.c.ServletWebServerApplicationContext - Root WebApplicationContext: initialization completed in 945 ms
2022-06-30_11-56-55 [restartedMain] INFO  com.zaxxer.hikari.HikariDataSource - HikariPool-2 - Starting...
2022-06-30_11-56-55 [restartedMain] INFO  com.zaxxer.hikari.HikariDataSource - HikariPool-2 - Start completed.
2022-06-30_11-56-55 [restartedMain] INFO  o.s.b.a.h.H2ConsoleAutoConfiguration - H2 console available at '/db'. Database available at 'jdbc:h2:mem:ipms_db'
2022-06-30_11-56-55 [restartedMain] INFO  o.s.o.j.LocalContainerEntityManagerFactoryBean - Initialized JPA EntityManagerFactory for persistence unit 'default'
2022-06-30_11-56-55 [restartedMain] INFO  s.d.s.w.PropertySourcedRequestMappingHandlerMapping - Mapped URL path [/v2/api-docs] onto method [springfox.documentation.swagger2.web.Swagger2Controller#getDocumentation(String, HttpServletRequest)]
2022-06-30_11-56-55 [restartedMain] INFO  o.s.s.c.ThreadPoolTaskExecutor - Initializing ExecutorService 'applicationTaskExecutor'
2022-06-30_11-56-55 [restartedMain] INFO  o.a.coyote.http11.Http11NioProtocol - Starting ProtocolHandler ["http-nio-8100"]
2022-06-30_11-56-55 [restartedMain] INFO  o.s.b.w.e.tomcat.TomcatWebServer - Tomcat started on port(s): 8100 (http) with context path '/ipTreatmentOffering'
2022-06-30_11-56-55 [restartedMain] INFO  s.d.s.w.p.DocumentationPluginsBootstrapper - Context refreshed
2022-06-30_11-56-55 [restartedMain] INFO  s.d.s.w.p.DocumentationPluginsBootstrapper - Found 1 custom documentation plugin(s)
2022-06-30_11-56-55 [restartedMain] INFO  s.d.s.w.s.ApiListingReferenceScanner - Scanning for api listing references
2022-06-30_11-56-55 [restartedMain] INFO  c.c.m.IpTreatmentOfferingApplication - Started IpTreatmentOfferingApplication in 3.27 seconds (JVM running for 1444.616)
2022-06-30_11-56-55 [restartedMain] INFO  o.s.b.d.a.ConditionEvaluationDeltaLoggingListener - Condition evaluation unchanged
2022-06-30_11-56-55 [http-nio-8100-exec-2] INFO  o.a.c.c.C.[.[.[/ipTreatmentOffering] - Initializing Spring DispatcherServlet 'dispatcherServlet'
2022-06-30_11-56-55 [http-nio-8100-exec-2] INFO  o.s.web.servlet.DispatcherServlet - Initializing Servlet 'dispatcherServlet'
2022-06-30_11-56-55 [http-nio-8100-exec-2] INFO  o.s.web.servlet.DispatcherServlet - Completed initialization in 2 ms
2022-06-30_11-56-55 [http-nio-8100-exec-4] INFO  c.c.m.s.IPTreatmentOfferingServiceImpl - [IPTreatmentPackage details:] [IPTreatmentPackage(treatmentPackageId=1, ailmentCategory=ORTHOPAIDICS, packageDetail=PackageDetail(pid=101, treatmentPackageName=Package 1, testDetails=[OPT1, OPT2], cost=25000, treatmentDuration=4)), IPTreatmentPackage(treatmentPackageId=2, ailmentCategory=ORTHOPAIDICS, packageDetail=PackageDetail(pid=102, treatmentPackageName=Package 2, testDetails=[OPT3, OPT4], cost=30000, treatmentDuration=6)), IPTreatmentPackage(treatmentPackageId=3, ailmentCategory=UROLOGY, packageDetail=PackageDetail(pid=103, treatmentPackageName=Package 1, testDetails=[UPT1, UPT2], cost=40000, treatmentDuration=4)), IPTreatmentPackage(treatmentPackageId=4, ailmentCategory=UROLOGY, packageDetail=PackageDetail(pid=104, treatmentPackageName=Package 2, testDetails=[UPT3, UPT4], cost=50000, treatmentDuration=6))]
2022-06-30_11-56-55 [http-nio-8100-exec-8] INFO  c.c.m.s.IPTreatmentOfferingServiceImpl - [IPTreatmentPackage details:] [IPTreatmentPackage(treatmentPackageId=1, ailmentCategory=ORTHOPAIDICS, packageDetail=PackageDetail(pid=101, treatmentPackageName=Package 1, testDetails=[OPT1, OPT2], cost=25000, treatmentDuration=4)), IPTreatmentPackage(treatmentPackageId=2, ailmentCategory=ORTHOPAIDICS, packageDetail=PackageDetail(pid=102, treatmentPackageName=Package 2, testDetails=[OPT3, OPT4], cost=30000, treatmentDuration=6)), IPTreatmentPackage(treatmentPackageId=3, ailmentCategory=UROLOGY, packageDetail=PackageDetail(pid=103, treatmentPackageName=Package 1, testDetails=[UPT1, UPT2], cost=40000, treatmentDuration=4)), IPTreatmentPackage(treatmentPackageId=4, ailmentCategory=UROLOGY, packageDetail=PackageDetail(pid=104, treatmentPackageName=Package 2, testDetails=[UPT3, UPT4], cost=50000, treatmentDuration=6))]
2022-06-30_11-56-55 [http-nio-8100-exec-6] INFO  c.c.m.s.IPTreatmentOfferingServiceImpl - [IPTreatmentPackage details:] [IPTreatmentPackage(treatmentPackageId=1, ailmentCategory=ORTHOPAIDICS, packageDetail=PackageDetail(pid=101, treatmentPackageName=Package 1, testDetails=[OPT1, OPT2], cost=25000, treatmentDuration=4)), IPTreatmentPackage(treatmentPackageId=2, ailmentCategory=ORTHOPAIDICS, packageDetail=PackageDetail(pid=102, treatmentPackageName=Package 2, testDetails=[OPT3, OPT4], cost=30000, treatmentDuration=6)), IPTreatmentPackage(treatmentPackageId=3, ailmentCategory=ORTHOPAIDICS, packageDetail=PackageDetail(pid=103, treatmentPackageName=Package 1, testDetails=[UPT1, UPT2], cost=40000, treatmentDuration=4)), IPTreatmentPackage(treatmentPackageId=4, ailmentCategory=UROLOGY, packageDetail=PackageDetail(pid=104, treatmentPackageName=Package 2, testDetails=[UPT3, UPT4], cost=50000, treatmentDuration=6))]
2022-06-30_11-56-55 [http-nio-8100-exec-8] INFO  c.c.m.s.IPTreatmentOfferingServiceImpl - [IPTreatmentPackage details:] [IPTreatmentPackage(treatmentPackageId=1, ailmentCategory=ORTHOPAIDICS, packageDetail=PackageDetail(pid=101, treatmentPackageName=Package 1, testDetails=[OPT1, OPT2], cost=25000, treatmentDuration=4)), IPTreatmentPackage(treatmentPackageId=2, ailmentCategory=ORTHOPAIDICS, packageDetail=PackageDetail(pid=102, treatmentPackageName=Package 2, testDetails=[OPT3, OPT4], cost=30000, treatmentDuration=6)), IPTreatmentPackage(treatmentPackageId=3, ailmentCategory=ORTHOPAIDICS, packageDetail=PackageDetail(pid=103, treatmentPackageName=Package 1, testDetails=[UPT1, UPT2], cost=40000, treatmentDuration=4)), IPTreatmentPackage(treatmentPackageId=4, ailmentCategory=UROLOGY, packageDetail=PackageDetail(pid=104, treatmentPackageName=Package 2, testDetails=[UPT3, UPT4], cost=50000, treatmentDuration=6))]
2022-06-30_11-56-55 [http-nio-8100-exec-1] INFO  c.c.m.s.IPTreatmentOfferingServiceImpl - [Specialist details:] [SpecialistDetail(specialistId=1, name=Dr Riya, areaOfExpertise=ORTHOPAIDICS, experienceInYears=10, contactNumber=9945672345), SpecialistDetail(specialistId=2, name=Dr Karan, areaOfExpertise=ORTHOPAIDICS, experienceInYears=8, contactNumber=8876523457), SpecialistDetail(specialistId=3, name=Dr Harsh, areaOfExpertise=UROLOGY, experienceInYears=7, contactNumber=9422467465), SpecialistDetail(specialistId=4, name=Dr Shreya, areaOfExpertise=UROLOGY, experienceInYears=11, contactNumber=756842689)]
2022-06-30_11-56-55 [http-nio-8100-exec-5] INFO  c.c.m.s.IPTreatmentOfferingServiceImpl - [Specialist details:] [SpecialistDetail(specialistId=1, name=Dr Riya, areaOfExpertise=ORTHOPAIDICS, experienceInYears=10, contactNumber=9945672345), SpecialistDetail(specialistId=2, name=Dr Karan, areaOfExpertise=ORTHOPAIDICS, experienceInYears=8, contactNumber=8876523457), SpecialistDetail(specialistId=3, name=Dr Harsh, areaOfExpertise=UROLOGY, experienceInYears=7, contactNumber=9422467465), SpecialistDetail(specialistId=4, name=Dr Shreya, areaOfExpertise=UROLOGY, experienceInYears=11, contactNumber=756842689), SpecialistDetail(specialistId=6, name=Dr Saha, areaOfExpertise=UROLOGY, experienceInYears=10, contactNumber=9945612345)]
2022-06-30_14-51-06 [restartedMain] INFO  c.c.m.IpTreatmentOfferingApplication - Starting IpTreatmentOfferingApplication using Java 11.0.15 on delldurga with PID 16776 (C:\Users\durga\Downloads\CDE-Project-International-Patients-treatment-management (3)\CDE-Project-International-Patients-treatment-management\IPTreatmentOffering-Microservice\target\classes started by durga in C:\Users\durga\Downloads\CDE-Project-International-Patients-treatment-management (3)\CDE-Project-International-Patients-treatment-management\IPTreatmentOffering-Microservice)
2022-06-30_14-51-06 [restartedMain] INFO  c.c.m.IpTreatmentOfferingApplication - No active profile set, falling back to default profiles: default
2022-06-30_14-51-06 [restartedMain] INFO  o.s.b.d.e.DevToolsPropertyDefaultsPostProcessor - Devtools property defaults active! Set 'spring.devtools.add-properties' to 'false' to disable
2022-06-30_14-51-06 [restartedMain] INFO  o.s.b.d.e.DevToolsPropertyDefaultsPostProcessor - For additional web related logging consider setting the 'logging.level.web' property to 'DEBUG'
2022-06-30_14-51-06 [restartedMain] INFO  o.s.d.r.c.RepositoryConfigurationDelegate - Bootstrapping Spring Data JPA repositories in DEFAULT mode.
2022-06-30_14-51-06 [restartedMain] INFO  o.s.d.r.c.RepositoryConfigurationDelegate - Finished Spring Data repository scanning in 164 ms. Found 3 JPA repository interfaces.
2022-06-30_14-51-06 [restartedMain] INFO  o.s.cloud.context.scope.GenericScope - BeanFactory id=418e9d2c-a7e9-339e-a1fd-f16bcee81ef4
2022-06-30_14-51-06 [restartedMain] INFO  o.s.c.s.PostProcessorRegistrationDelegate$BeanPostProcessorChecker - Bean 'com.cts.mfpe.feign.AuthorisingClient' of type [org.springframework.cloud.openfeign.FeignClientFactoryBean] is not eligible for getting processed by all BeanPostProcessors (for example: not eligible for auto-proxying)
2022-06-30_14-51-06 [restartedMain] INFO  o.s.b.w.e.tomcat.TomcatWebServer - Tomcat initialized with port(s): 8100 (http)
2022-06-30_14-51-06 [restartedMain] INFO  o.a.coyote.http11.Http11NioProtocol - Initializing ProtocolHandler ["http-nio-8100"]
2022-06-30_14-51-06 [restartedMain] INFO  o.a.catalina.core.StandardService - Starting service [Tomcat]
2022-06-30_14-51-06 [restartedMain] INFO  o.a.catalina.core.StandardEngine - Starting Servlet engine: [Apache Tomcat/9.0.41]
2022-06-30_14-51-06 [restartedMain] INFO  o.a.c.c.C.[.[.[/ipTreatmentOffering] - Initializing Spring embedded WebApplicationContext
2022-06-30_14-51-06 [restartedMain] INFO  o.s.b.w.s.c.ServletWebServerApplicationContext - Root WebApplicationContext: initialization completed in 6323 ms
2022-06-30_14-51-06 [restartedMain] INFO  com.zaxxer.hikari.HikariDataSource - HikariPool-1 - Starting...
2022-06-30_14-51-06 [restartedMain] INFO  com.zaxxer.hikari.HikariDataSource - HikariPool-1 - Start completed.
2022-06-30_14-51-06 [restartedMain] INFO  o.s.b.a.h.H2ConsoleAutoConfiguration - H2 console available at '/db'. Database available at 'jdbc:h2:mem:ipms_db'
2022-06-30_14-51-06 [restartedMain] INFO  o.s.o.j.LocalContainerEntityManagerFactoryBean - Initialized JPA EntityManagerFactory for persistence unit 'default'
2022-06-30_14-51-06 [restartedMain] INFO  s.d.s.w.PropertySourcedRequestMappingHandlerMapping - Mapped URL path [/v2/api-docs] onto method [springfox.documentation.swagger2.web.Swagger2Controller#getDocumentation(String, HttpServletRequest)]
2022-06-30_14-51-06 [restartedMain] INFO  o.s.s.c.ThreadPoolTaskExecutor - Initializing ExecutorService 'applicationTaskExecutor'
2022-06-30_14-51-06 [restartedMain] INFO  o.a.coyote.http11.Http11NioProtocol - Starting ProtocolHandler ["http-nio-8100"]
2022-06-30_14-51-06 [restartedMain] INFO  o.s.b.w.e.tomcat.TomcatWebServer - Tomcat started on port(s): 8100 (http) with context path '/ipTreatmentOffering'
2022-06-30_14-51-06 [restartedMain] INFO  s.d.s.w.p.DocumentationPluginsBootstrapper - Context refreshed
2022-06-30_14-51-06 [restartedMain] INFO  s.d.s.w.p.DocumentationPluginsBootstrapper - Found 1 custom documentation plugin(s)
2022-06-30_14-51-06 [restartedMain] INFO  s.d.s.w.s.ApiListingReferenceScanner - Scanning for api listing references
2022-06-30_14-51-06 [restartedMain] INFO  c.c.m.IpTreatmentOfferingApplication - Started IpTreatmentOfferingApplication in 25.291 seconds (JVM running for 29.938)
2022-06-30_14-51-06 [RMI TCP Connection(13)-127.0.0.1] INFO  o.s.b.a.SpringApplicationAdminMXBeanRegistrar$SpringApplicationAdmin - Application shutdown requested.
2022-06-30_14-51-06 [RMI TCP Connection(13)-127.0.0.1] INFO  o.s.s.c.ThreadPoolTaskExecutor - Shutting down ExecutorService 'applicationTaskExecutor'
2022-06-30_14-51-06 [RMI TCP Connection(13)-127.0.0.1] INFO  o.s.o.j.LocalContainerEntityManagerFactoryBean - Closing JPA EntityManagerFactory for persistence unit 'default'
2022-06-30_14-51-06 [RMI TCP Connection(13)-127.0.0.1] INFO  com.zaxxer.hikari.HikariDataSource - HikariPool-1 - Shutdown initiated...
2022-06-30_14-51-06 [RMI TCP Connection(13)-127.0.0.1] INFO  com.zaxxer.hikari.HikariDataSource - HikariPool-1 - Shutdown completed.
2022-06-30_15-07-34 [restartedMain] INFO  c.c.m.IpTreatmentOfferingApplication - Starting IpTreatmentOfferingApplication using Java 11.0.15 on delldurga with PID 10096 (C:\Users\durga\Downloads\CDE-Project-International-Patients-treatment-management (3)\CDE-Project-International-Patients-treatment-management\IPTreatmentOffering-Microservice\target\classes started by durga in C:\Users\durga\Downloads\CDE-Project-International-Patients-treatment-management (3)\CDE-Project-International-Patients-treatment-management\IPTreatmentOffering-Microservice)
2022-06-30_15-07-34 [restartedMain] INFO  c.c.m.IpTreatmentOfferingApplication - No active profile set, falling back to default profiles: default
2022-06-30_15-07-34 [restartedMain] INFO  o.s.b.d.e.DevToolsPropertyDefaultsPostProcessor - Devtools property defaults active! Set 'spring.devtools.add-properties' to 'false' to disable
2022-06-30_15-07-34 [restartedMain] INFO  o.s.b.d.e.DevToolsPropertyDefaultsPostProcessor - For additional web related logging consider setting the 'logging.level.web' property to 'DEBUG'
2022-06-30_15-07-34 [restartedMain] INFO  o.s.d.r.c.RepositoryConfigurationDelegate - Bootstrapping Spring Data JPA repositories in DEFAULT mode.
2022-06-30_15-07-34 [restartedMain] INFO  o.s.d.r.c.RepositoryConfigurationDelegate - Finished Spring Data repository scanning in 142 ms. Found 3 JPA repository interfaces.
2022-06-30_15-07-34 [restartedMain] INFO  o.s.cloud.context.scope.GenericScope - BeanFactory id=48fde87a-f98c-3278-b0ad-815ae73789d1
2022-06-30_15-07-34 [restartedMain] INFO  o.s.c.s.PostProcessorRegistrationDelegate$BeanPostProcessorChecker - Bean 'com.cts.mfpe.feign.AuthorisingClient' of type [org.springframework.cloud.openfeign.FeignClientFactoryBean] is not eligible for getting processed by all BeanPostProcessors (for example: not eligible for auto-proxying)
2022-06-30_15-07-34 [restartedMain] INFO  o.s.b.w.e.tomcat.TomcatWebServer - Tomcat initialized with port(s): 8100 (http)
2022-06-30_15-07-34 [restartedMain] INFO  o.a.coyote.http11.Http11NioProtocol - Initializing ProtocolHandler ["http-nio-8100"]
2022-06-30_15-07-34 [restartedMain] INFO  o.a.catalina.core.StandardService - Starting service [Tomcat]
2022-06-30_15-07-34 [restartedMain] INFO  o.a.catalina.core.StandardEngine - Starting Servlet engine: [Apache Tomcat/9.0.41]
2022-06-30_15-07-34 [restartedMain] INFO  o.a.c.c.C.[.[.[/ipTreatmentOffering] - Initializing Spring embedded WebApplicationContext
2022-06-30_15-07-34 [restartedMain] INFO  o.s.b.w.s.c.ServletWebServerApplicationContext - Root WebApplicationContext: initialization completed in 5722 ms
2022-06-30_15-07-34 [restartedMain] INFO  com.zaxxer.hikari.HikariDataSource - HikariPool-1 - Starting...
2022-06-30_15-07-34 [restartedMain] INFO  com.zaxxer.hikari.HikariDataSource - HikariPool-1 - Start completed.
2022-06-30_15-07-34 [restartedMain] INFO  o.s.b.a.h.H2ConsoleAutoConfiguration - H2 console available at '/db'. Database available at 'jdbc:h2:mem:ipms_db'
2022-06-30_15-07-34 [restartedMain] INFO  o.s.o.j.LocalContainerEntityManagerFactoryBean - Initialized JPA EntityManagerFactory for persistence unit 'default'
2022-06-30_15-07-34 [restartedMain] INFO  s.d.s.w.PropertySourcedRequestMappingHandlerMapping - Mapped URL path [/v2/api-docs] onto method [springfox.documentation.swagger2.web.Swagger2Controller#getDocumentation(String, HttpServletRequest)]
2022-06-30_15-07-34 [restartedMain] INFO  o.s.s.c.ThreadPoolTaskExecutor - Initializing ExecutorService 'applicationTaskExecutor'
2022-06-30_15-07-34 [restartedMain] INFO  o.a.coyote.http11.Http11NioProtocol - Starting ProtocolHandler ["http-nio-8100"]
2022-06-30_15-07-34 [restartedMain] INFO  o.s.b.w.e.tomcat.TomcatWebServer - Tomcat started on port(s): 8100 (http) with context path '/ipTreatmentOffering'
2022-06-30_15-07-34 [restartedMain] INFO  s.d.s.w.p.DocumentationPluginsBootstrapper - Context refreshed
2022-06-30_15-07-34 [restartedMain] INFO  s.d.s.w.p.DocumentationPluginsBootstrapper - Found 1 custom documentation plugin(s)
2022-06-30_15-07-34 [restartedMain] INFO  s.d.s.w.s.ApiListingReferenceScanner - Scanning for api listing references
2022-06-30_15-07-34 [restartedMain] INFO  c.c.m.IpTreatmentOfferingApplication - Started IpTreatmentOfferingApplication in 18.069 seconds (JVM running for 20.047)
2022-06-30_15-07-34 [Thread-1] INFO  o.s.s.c.ThreadPoolTaskExecutor - Shutting down ExecutorService 'applicationTaskExecutor'
2022-06-30_15-07-34 [Thread-1] INFO  o.s.o.j.LocalContainerEntityManagerFactoryBean - Closing JPA EntityManagerFactory for persistence unit 'default'
2022-06-30_15-07-34 [Thread-1] INFO  com.zaxxer.hikari.HikariDataSource - HikariPool-1 - Shutdown initiated...
2022-06-30_15-07-34 [Thread-1] INFO  com.zaxxer.hikari.HikariDataSource - HikariPool-1 - Shutdown completed.
2022-06-30_15-08-30 [restartedMain] INFO  c.c.m.IpTreatmentOfferingApplication - Starting IpTreatmentOfferingApplication using Java 11.0.15 on delldurga with PID 10096 (C:\Users\durga\Downloads\CDE-Project-International-Patients-treatment-management (3)\CDE-Project-International-Patients-treatment-management\IPTreatmentOffering-Microservice\target\classes started by durga in C:\Users\durga\Downloads\CDE-Project-International-Patients-treatment-management (3)\CDE-Project-International-Patients-treatment-management\IPTreatmentOffering-Microservice)
2022-06-30_15-08-30 [restartedMain] INFO  c.c.m.IpTreatmentOfferingApplication - No active profile set, falling back to default profiles: default
2022-06-30_15-08-30 [restartedMain] INFO  o.s.d.r.c.RepositoryConfigurationDelegate - Bootstrapping Spring Data JPA repositories in DEFAULT mode.
2022-06-30_15-08-30 [restartedMain] INFO  o.s.d.r.c.RepositoryConfigurationDelegate - Finished Spring Data repository scanning in 40 ms. Found 3 JPA repository interfaces.
2022-06-30_15-08-30 [restartedMain] INFO  o.s.cloud.context.scope.GenericScope - BeanFactory id=48fde87a-f98c-3278-b0ad-815ae73789d1
2022-06-30_15-08-30 [restartedMain] INFO  o.s.c.s.PostProcessorRegistrationDelegate$BeanPostProcessorChecker - Bean 'com.cts.mfpe.feign.AuthorisingClient' of type [org.springframework.cloud.openfeign.FeignClientFactoryBean] is not eligible for getting processed by all BeanPostProcessors (for example: not eligible for auto-proxying)
2022-06-30_15-08-30 [restartedMain] INFO  o.s.b.w.e.tomcat.TomcatWebServer - Tomcat initialized with port(s): 8100 (http)
2022-06-30_15-08-30 [restartedMain] INFO  o.a.coyote.http11.Http11NioProtocol - Initializing ProtocolHandler ["http-nio-8100"]
2022-06-30_15-08-30 [restartedMain] INFO  o.a.catalina.core.StandardService - Starting service [Tomcat]
2022-06-30_15-08-30 [restartedMain] INFO  o.a.catalina.core.StandardEngine - Starting Servlet engine: [Apache Tomcat/9.0.41]
2022-06-30_15-08-30 [restartedMain] INFO  o.a.c.c.C.[.[.[/ipTreatmentOffering] - Initializing Spring embedded WebApplicationContext
2022-06-30_15-08-30 [restartedMain] INFO  o.s.b.w.s.c.ServletWebServerApplicationContext - Root WebApplicationContext: initialization completed in 1061 ms
2022-06-30_15-08-30 [restartedMain] INFO  com.zaxxer.hikari.HikariDataSource - HikariPool-2 - Starting...
2022-06-30_15-08-30 [restartedMain] INFO  com.zaxxer.hikari.HikariDataSource - HikariPool-2 - Start completed.
2022-06-30_15-08-30 [restartedMain] INFO  o.s.b.a.h.H2ConsoleAutoConfiguration - H2 console available at '/db'. Database available at 'jdbc:h2:mem:ipms_db'
2022-06-30_15-08-30 [restartedMain] INFO  o.s.o.j.LocalContainerEntityManagerFactoryBean - Initialized JPA EntityManagerFactory for persistence unit 'default'
2022-06-30_15-08-30 [restartedMain] INFO  s.d.s.w.PropertySourcedRequestMappingHandlerMapping - Mapped URL path [/v2/api-docs] onto method [springfox.documentation.swagger2.web.Swagger2Controller#getDocumentation(String, HttpServletRequest)]
2022-06-30_15-08-30 [restartedMain] INFO  o.s.s.c.ThreadPoolTaskExecutor - Initializing ExecutorService 'applicationTaskExecutor'
2022-06-30_15-08-30 [restartedMain] INFO  o.a.coyote.http11.Http11NioProtocol - Starting ProtocolHandler ["http-nio-8100"]
2022-06-30_15-08-30 [restartedMain] INFO  o.s.b.w.e.tomcat.TomcatWebServer - Tomcat started on port(s): 8100 (http) with context path '/ipTreatmentOffering'
2022-06-30_15-08-30 [restartedMain] INFO  s.d.s.w.p.DocumentationPluginsBootstrapper - Context refreshed
2022-06-30_15-08-30 [restartedMain] INFO  s.d.s.w.p.DocumentationPluginsBootstrapper - Found 1 custom documentation plugin(s)
2022-06-30_15-08-30 [restartedMain] INFO  s.d.s.w.s.ApiListingReferenceScanner - Scanning for api listing references
2022-06-30_15-08-30 [restartedMain] INFO  c.c.m.IpTreatmentOfferingApplication - Started IpTreatmentOfferingApplication in 5.436 seconds (JVM running for 62.549)
2022-06-30_15-08-30 [restartedMain] INFO  o.s.b.d.a.ConditionEvaluationDeltaLoggingListener - Condition evaluation unchanged
2022-06-30_15-08-30 [Thread-9] INFO  o.s.s.c.ThreadPoolTaskExecutor - Shutting down ExecutorService 'applicationTaskExecutor'
2022-06-30_15-08-30 [Thread-9] INFO  o.s.o.j.LocalContainerEntityManagerFactoryBean - Closing JPA EntityManagerFactory for persistence unit 'default'
2022-06-30_15-08-30 [Thread-9] INFO  com.zaxxer.hikari.HikariDataSource - HikariPool-2 - Shutdown initiated...
2022-06-30_15-08-30 [Thread-9] INFO  com.zaxxer.hikari.HikariDataSource - HikariPool-2 - Shutdown completed.
2022-06-30_15-08-34 [restartedMain] INFO  c.c.m.IpTreatmentOfferingApplication - Starting IpTreatmentOfferingApplication using Java 11.0.15 on delldurga with PID 10096 (C:\Users\durga\Downloads\CDE-Project-International-Patients-treatment-management (3)\CDE-Project-International-Patients-treatment-management\IPTreatmentOffering-Microservice\target\classes started by durga in C:\Users\durga\Downloads\CDE-Project-International-Patients-treatment-management (3)\CDE-Project-International-Patients-treatment-management\IPTreatmentOffering-Microservice)
2022-06-30_15-08-34 [restartedMain] INFO  c.c.m.IpTreatmentOfferingApplication - No active profile set, falling back to default profiles: default
2022-06-30_15-08-34 [restartedMain] INFO  o.s.d.r.c.RepositoryConfigurationDelegate - Bootstrapping Spring Data JPA repositories in DEFAULT mode.
2022-06-30_15-08-34 [restartedMain] INFO  o.s.d.r.c.RepositoryConfigurationDelegate - Finished Spring Data repository scanning in 27 ms. Found 3 JPA repository interfaces.
2022-06-30_15-08-34 [restartedMain] INFO  o.s.cloud.context.scope.GenericScope - BeanFactory id=48fde87a-f98c-3278-b0ad-815ae73789d1
2022-06-30_15-08-34 [restartedMain] INFO  o.s.c.s.PostProcessorRegistrationDelegate$BeanPostProcessorChecker - Bean 'com.cts.mfpe.feign.AuthorisingClient' of type [org.springframework.cloud.openfeign.FeignClientFactoryBean] is not eligible for getting processed by all BeanPostProcessors (for example: not eligible for auto-proxying)
2022-06-30_15-08-34 [restartedMain] INFO  o.s.b.w.e.tomcat.TomcatWebServer - Tomcat initialized with port(s): 8100 (http)
2022-06-30_15-08-34 [restartedMain] INFO  o.a.coyote.http11.Http11NioProtocol - Initializing ProtocolHandler ["http-nio-8100"]
2022-06-30_15-08-34 [restartedMain] INFO  o.a.catalina.core.StandardService - Starting service [Tomcat]
2022-06-30_15-08-34 [restartedMain] INFO  o.a.catalina.core.StandardEngine - Starting Servlet engine: [Apache Tomcat/9.0.41]
2022-06-30_15-08-34 [restartedMain] INFO  o.a.c.c.C.[.[.[/ipTreatmentOffering] - Initializing Spring embedded WebApplicationContext
2022-06-30_15-08-34 [restartedMain] INFO  o.s.b.w.s.c.ServletWebServerApplicationContext - Root WebApplicationContext: initialization completed in 775 ms
2022-06-30_15-08-34 [restartedMain] INFO  com.zaxxer.hikari.HikariDataSource - HikariPool-3 - Starting...
2022-06-30_15-08-34 [restartedMain] INFO  com.zaxxer.hikari.HikariDataSource - HikariPool-3 - Start completed.
2022-06-30_15-08-34 [restartedMain] INFO  o.s.b.a.h.H2ConsoleAutoConfiguration - H2 console available at '/db'. Database available at 'jdbc:h2:mem:ipms_db'
2022-06-30_15-08-34 [restartedMain] INFO  o.s.o.j.LocalContainerEntityManagerFactoryBean - Initialized JPA EntityManagerFactory for persistence unit 'default'
2022-06-30_15-08-34 [restartedMain] INFO  s.d.s.w.PropertySourcedRequestMappingHandlerMapping - Mapped URL path [/v2/api-docs] onto method [springfox.documentation.swagger2.web.Swagger2Controller#getDocumentation(String, HttpServletRequest)]
2022-06-30_15-08-34 [restartedMain] INFO  o.s.s.c.ThreadPoolTaskExecutor - Initializing ExecutorService 'applicationTaskExecutor'
2022-06-30_15-08-34 [restartedMain] INFO  o.a.coyote.http11.Http11NioProtocol - Starting ProtocolHandler ["http-nio-8100"]
2022-06-30_15-08-34 [restartedMain] INFO  o.s.b.w.e.tomcat.TomcatWebServer - Tomcat started on port(s): 8100 (http) with context path '/ipTreatmentOffering'
2022-06-30_15-08-34 [restartedMain] INFO  s.d.s.w.p.DocumentationPluginsBootstrapper - Context refreshed
2022-06-30_15-08-34 [restartedMain] INFO  s.d.s.w.p.DocumentationPluginsBootstrapper - Found 1 custom documentation plugin(s)
2022-06-30_15-08-34 [restartedMain] INFO  s.d.s.w.s.ApiListingReferenceScanner - Scanning for api listing references
2022-06-30_15-08-34 [restartedMain] INFO  c.c.m.IpTreatmentOfferingApplication - Started IpTreatmentOfferingApplication in 3.149 seconds (JVM running for 66.437)
2022-06-30_15-08-34 [restartedMain] INFO  o.s.b.d.a.ConditionEvaluationDeltaLoggingListener - Condition evaluation unchanged
2022-06-30_15-08-34 [Thread-16] INFO  o.s.s.c.ThreadPoolTaskExecutor - Shutting down ExecutorService 'applicationTaskExecutor'
2022-06-30_15-08-34 [Thread-16] INFO  o.s.o.j.LocalContainerEntityManagerFactoryBean - Closing JPA EntityManagerFactory for persistence unit 'default'
2022-06-30_15-08-34 [Thread-16] INFO  com.zaxxer.hikari.HikariDataSource - HikariPool-3 - Shutdown initiated...
2022-06-30_15-08-34 [Thread-16] INFO  com.zaxxer.hikari.HikariDataSource - HikariPool-3 - Shutdown completed.
2022-06-30_15-10-38 [restartedMain] INFO  c.c.m.IpTreatmentOfferingApplication - Starting IpTreatmentOfferingApplication using Java 11.0.15 on delldurga with PID 10096 (C:\Users\durga\Downloads\CDE-Project-International-Patients-treatment-management (3)\CDE-Project-International-Patients-treatment-management\IPTreatmentOffering-Microservice\target\classes started by durga in C:\Users\durga\Downloads\CDE-Project-International-Patients-treatment-management (3)\CDE-Project-International-Patients-treatment-management\IPTreatmentOffering-Microservice)
2022-06-30_15-10-38 [restartedMain] INFO  c.c.m.IpTreatmentOfferingApplication - No active profile set, falling back to default profiles: default
2022-06-30_15-10-38 [restartedMain] INFO  o.s.d.r.c.RepositoryConfigurationDelegate - Bootstrapping Spring Data JPA repositories in DEFAULT mode.
2022-06-30_15-10-38 [restartedMain] INFO  o.s.d.r.c.RepositoryConfigurationDelegate - Finished Spring Data repository scanning in 82 ms. Found 3 JPA repository interfaces.
2022-06-30_15-10-38 [restartedMain] INFO  o.s.cloud.context.scope.GenericScope - BeanFactory id=48fde87a-f98c-3278-b0ad-815ae73789d1
2022-06-30_15-10-38 [restartedMain] INFO  o.s.c.s.PostProcessorRegistrationDelegate$BeanPostProcessorChecker - Bean 'com.cts.mfpe.feign.AuthorisingClient' of type [org.springframework.cloud.openfeign.FeignClientFactoryBean] is not eligible for getting processed by all BeanPostProcessors (for example: not eligible for auto-proxying)
2022-06-30_15-10-38 [restartedMain] INFO  o.s.b.w.e.tomcat.TomcatWebServer - Tomcat initialized with port(s): 8100 (http)
2022-06-30_15-10-38 [restartedMain] INFO  o.a.coyote.http11.Http11NioProtocol - Initializing ProtocolHandler ["http-nio-8100"]
2022-06-30_15-10-38 [restartedMain] INFO  o.a.catalina.core.StandardService - Starting service [Tomcat]
2022-06-30_15-10-38 [restartedMain] INFO  o.a.catalina.core.StandardEngine - Starting Servlet engine: [Apache Tomcat/9.0.41]
2022-06-30_15-10-38 [restartedMain] INFO  o.a.c.c.C.[.[.[/ipTreatmentOffering] - Initializing Spring embedded WebApplicationContext
2022-06-30_15-10-38 [restartedMain] INFO  o.s.b.w.s.c.ServletWebServerApplicationContext - Root WebApplicationContext: initialization completed in 3979 ms
2022-06-30_15-10-38 [restartedMain] INFO  com.zaxxer.hikari.HikariDataSource - HikariPool-4 - Starting...
2022-06-30_15-10-38 [restartedMain] INFO  com.zaxxer.hikari.HikariDataSource - HikariPool-4 - Start completed.
2022-06-30_15-10-38 [restartedMain] INFO  o.s.b.a.h.H2ConsoleAutoConfiguration - H2 console available at '/db'. Database available at 'jdbc:h2:mem:ipms_db'
2022-06-30_15-10-38 [restartedMain] INFO  o.s.o.j.LocalContainerEntityManagerFactoryBean - Initialized JPA EntityManagerFactory for persistence unit 'default'
2022-06-30_15-10-38 [restartedMain] INFO  s.d.s.w.PropertySourcedRequestMappingHandlerMapping - Mapped URL path [/v2/api-docs] onto method [springfox.documentation.swagger2.web.Swagger2Controller#getDocumentation(String, HttpServletRequest)]
2022-06-30_15-10-38 [restartedMain] INFO  o.s.s.c.ThreadPoolTaskExecutor - Initializing ExecutorService 'applicationTaskExecutor'
2022-06-30_15-10-38 [restartedMain] INFO  o.a.coyote.http11.Http11NioProtocol - Starting ProtocolHandler ["http-nio-8100"]
2022-06-30_15-10-38 [restartedMain] INFO  o.s.b.w.e.tomcat.TomcatWebServer - Tomcat started on port(s): 8100 (http) with context path '/ipTreatmentOffering'
2022-06-30_15-10-38 [restartedMain] INFO  s.d.s.w.p.DocumentationPluginsBootstrapper - Context refreshed
2022-06-30_15-10-38 [restartedMain] INFO  s.d.s.w.p.DocumentationPluginsBootstrapper - Found 1 custom documentation plugin(s)
2022-06-30_15-10-38 [restartedMain] INFO  s.d.s.w.s.ApiListingReferenceScanner - Scanning for api listing references
2022-06-30_15-10-38 [restartedMain] INFO  c.c.m.IpTreatmentOfferingApplication - Started IpTreatmentOfferingApplication in 9.057 seconds (JVM running for 194.403)
2022-06-30_15-10-38 [restartedMain] INFO  o.s.b.d.a.ConditionEvaluationDeltaLoggingListener - Condition evaluation unchanged
2022-06-30_15-26-48 [Thread-23] INFO  o.s.s.c.ThreadPoolTaskExecutor - Shutting down ExecutorService 'applicationTaskExecutor'
2022-06-30_15-26-48 [Thread-23] INFO  o.s.o.j.LocalContainerEntityManagerFactoryBean - Closing JPA EntityManagerFactory for persistence unit 'default'
2022-06-30_15-26-48 [Thread-23] INFO  o.h.t.s.i.SchemaDropperImpl$DelayedDropActionImpl - HHH000477: Starting delayed evictData of schema as part of SessionFactory shut-down'
2022-06-30_15-26-48 [Thread-23] INFO  com.zaxxer.hikari.HikariDataSource - HikariPool-4 - Shutdown initiated...
2022-06-30_15-26-48 [Thread-23] INFO  com.zaxxer.hikari.HikariDataSource - HikariPool-4 - Shutdown completed.
2022-06-30_15-27-09 [restartedMain] INFO  c.c.m.IpTreatmentOfferingApplication - Starting IpTreatmentOfferingApplication using Java 11.0.15 on delldurga with PID 10096 (C:\Users\durga\Downloads\CDE-Project-International-Patients-treatment-management (3)\CDE-Project-International-Patients-treatment-management\IPTreatmentOffering-Microservice\target\classes started by durga in C:\Users\durga\Downloads\CDE-Project-International-Patients-treatment-management (3)\CDE-Project-International-Patients-treatment-management\IPTreatmentOffering-Microservice)
2022-06-30_15-27-09 [restartedMain] INFO  c.c.m.IpTreatmentOfferingApplication - No active profile set, falling back to default profiles: default
2022-06-30_15-27-09 [restartedMain] INFO  o.s.d.r.c.RepositoryConfigurationDelegate - Bootstrapping Spring Data JPA repositories in DEFAULT mode.
2022-06-30_15-27-09 [restartedMain] INFO  o.s.d.r.c.RepositoryConfigurationDelegate - Finished Spring Data repository scanning in 268 ms. Found 3 JPA repository interfaces.
2022-06-30_15-27-09 [restartedMain] INFO  o.s.cloud.context.scope.GenericScope - BeanFactory id=48fde87a-f98c-3278-b0ad-815ae73789d1
2022-06-30_15-27-09 [restartedMain] INFO  o.s.c.s.PostProcessorRegistrationDelegate$BeanPostProcessorChecker - Bean 'com.cts.mfpe.feign.AuthorisingClient' of type [org.springframework.cloud.openfeign.FeignClientFactoryBean] is not eligible for getting processed by all BeanPostProcessors (for example: not eligible for auto-proxying)
2022-06-30_15-27-09 [restartedMain] INFO  o.s.b.w.e.tomcat.TomcatWebServer - Tomcat initialized with port(s): 8100 (http)
2022-06-30_15-27-09 [restartedMain] INFO  o.a.coyote.http11.Http11NioProtocol - Initializing ProtocolHandler ["http-nio-8100"]
2022-06-30_15-27-09 [restartedMain] INFO  o.a.catalina.core.StandardService - Starting service [Tomcat]
2022-06-30_15-27-09 [restartedMain] INFO  o.a.catalina.core.StandardEngine - Starting Servlet engine: [Apache Tomcat/9.0.41]
2022-06-30_15-27-09 [restartedMain] INFO  o.a.c.c.C.[.[.[/ipTreatmentOffering] - Initializing Spring embedded WebApplicationContext
2022-06-30_15-27-09 [restartedMain] INFO  o.s.b.w.s.c.ServletWebServerApplicationContext - Root WebApplicationContext: initialization completed in 9399 ms
2022-06-30_15-27-09 [restartedMain] INFO  com.zaxxer.hikari.HikariDataSource - HikariPool-5 - Starting...
2022-06-30_15-27-09 [restartedMain] INFO  com.zaxxer.hikari.HikariDataSource - HikariPool-5 - Start completed.
2022-06-30_15-27-09 [restartedMain] INFO  o.s.b.a.h.H2ConsoleAutoConfiguration - H2 console available at '/db'. Database available at 'jdbc:h2:mem:ipms_db'
2022-06-30_15-27-09 [restartedMain] INFO  o.s.o.j.LocalContainerEntityManagerFactoryBean - Initialized JPA EntityManagerFactory for persistence unit 'default'
2022-06-30_15-27-09 [restartedMain] INFO  s.d.s.w.PropertySourcedRequestMappingHandlerMapping - Mapped URL path [/v2/api-docs] onto method [springfox.documentation.swagger2.web.Swagger2Controller#getDocumentation(String, HttpServletRequest)]
2022-06-30_15-27-09 [restartedMain] INFO  o.s.s.c.ThreadPoolTaskExecutor - Initializing ExecutorService 'applicationTaskExecutor'
2022-06-30_15-27-09 [restartedMain] INFO  o.a.coyote.http11.Http11NioProtocol - Starting ProtocolHandler ["http-nio-8100"]
2022-06-30_15-27-09 [restartedMain] INFO  o.s.b.w.e.tomcat.TomcatWebServer - Tomcat started on port(s): 8100 (http) with context path '/ipTreatmentOffering'
2022-06-30_15-27-09 [restartedMain] INFO  s.d.s.w.p.DocumentationPluginsBootstrapper - Context refreshed
2022-06-30_15-27-09 [restartedMain] INFO  s.d.s.w.p.DocumentationPluginsBootstrapper - Found 1 custom documentation plugin(s)
2022-06-30_15-27-09 [restartedMain] INFO  s.d.s.w.s.ApiListingReferenceScanner - Scanning for api listing references
2022-06-30_15-27-09 [restartedMain] INFO  c.c.m.IpTreatmentOfferingApplication - Started IpTreatmentOfferingApplication in 38.001 seconds (JVM running for 1205.615)
2022-06-30_15-27-09 [restartedMain] INFO  o.s.b.d.a.ConditionEvaluationDeltaLoggingListener - Condition evaluation unchanged
2022-06-30_15-27-09 [Thread-30] INFO  o.s.s.c.ThreadPoolTaskExecutor - Shutting down ExecutorService 'applicationTaskExecutor'
2022-06-30_15-27-09 [Thread-30] INFO  o.s.o.j.LocalContainerEntityManagerFactoryBean - Closing JPA EntityManagerFactory for persistence unit 'default'
2022-06-30_15-27-09 [Thread-30] INFO  com.zaxxer.hikari.HikariDataSource - HikariPool-5 - Shutdown initiated...
2022-06-30_15-27-09 [Thread-30] INFO  com.zaxxer.hikari.HikariDataSource - HikariPool-5 - Shutdown completed.
2022-06-30_15-27-41 [restartedMain] INFO  c.c.m.IpTreatmentOfferingApplication - Starting IpTreatmentOfferingApplication using Java 11.0.15 on delldurga with PID 10096 (C:\Users\durga\Downloads\CDE-Project-International-Patients-treatment-management (3)\CDE-Project-International-Patients-treatment-management\IPTreatmentOffering-Microservice\target\classes started by durga in C:\Users\durga\Downloads\CDE-Project-International-Patients-treatment-management (3)\CDE-Project-International-Patients-treatment-management\IPTreatmentOffering-Microservice)
2022-06-30_15-27-41 [restartedMain] INFO  c.c.m.IpTreatmentOfferingApplication - No active profile set, falling back to default profiles: default
2022-06-30_15-27-41 [restartedMain] INFO  o.s.d.r.c.RepositoryConfigurationDelegate - Bootstrapping Spring Data JPA repositories in DEFAULT mode.
2022-06-30_15-27-41 [restartedMain] INFO  o.s.d.r.c.RepositoryConfigurationDelegate - Finished Spring Data repository scanning in 157 ms. Found 3 JPA repository interfaces.
2022-06-30_15-27-41 [restartedMain] INFO  o.s.cloud.context.scope.GenericScope - BeanFactory id=48fde87a-f98c-3278-b0ad-815ae73789d1
2022-06-30_15-27-41 [restartedMain] INFO  o.s.c.s.PostProcessorRegistrationDelegate$BeanPostProcessorChecker - Bean 'com.cts.mfpe.feign.AuthorisingClient' of type [org.springframework.cloud.openfeign.FeignClientFactoryBean] is not eligible for getting processed by all BeanPostProcessors (for example: not eligible for auto-proxying)
2022-06-30_15-27-41 [restartedMain] INFO  o.s.b.w.e.tomcat.TomcatWebServer - Tomcat initialized with port(s): 8100 (http)
2022-06-30_15-27-41 [restartedMain] INFO  o.a.coyote.http11.Http11NioProtocol - Initializing ProtocolHandler ["http-nio-8100"]
2022-06-30_15-27-41 [restartedMain] INFO  o.a.catalina.core.StandardService - Starting service [Tomcat]
2022-06-30_15-27-41 [restartedMain] INFO  o.a.catalina.core.StandardEngine - Starting Servlet engine: [Apache Tomcat/9.0.41]
2022-06-30_15-27-41 [restartedMain] INFO  o.a.c.c.C.[.[.[/ipTreatmentOffering] - Initializing Spring embedded WebApplicationContext
2022-06-30_15-27-41 [restartedMain] INFO  o.s.b.w.s.c.ServletWebServerApplicationContext - Root WebApplicationContext: initialization completed in 5290 ms
2022-06-30_15-27-41 [restartedMain] INFO  com.zaxxer.hikari.HikariDataSource - HikariPool-6 - Starting...
2022-06-30_15-27-41 [restartedMain] INFO  com.zaxxer.hikari.HikariDataSource - HikariPool-6 - Start completed.
2022-06-30_15-27-41 [restartedMain] INFO  o.s.b.a.h.H2ConsoleAutoConfiguration - H2 console available at '/db'. Database available at 'jdbc:h2:mem:ipms_db'
2022-06-30_15-27-41 [restartedMain] INFO  o.s.o.j.LocalContainerEntityManagerFactoryBean - Initialized JPA EntityManagerFactory for persistence unit 'default'
2022-06-30_15-27-41 [restartedMain] INFO  s.d.s.w.PropertySourcedRequestMappingHandlerMapping - Mapped URL path [/v2/api-docs] onto method [springfox.documentation.swagger2.web.Swagger2Controller#getDocumentation(String, HttpServletRequest)]
2022-06-30_15-27-41 [restartedMain] INFO  o.s.s.c.ThreadPoolTaskExecutor - Initializing ExecutorService 'applicationTaskExecutor'
2022-06-30_15-27-41 [restartedMain] INFO  o.a.coyote.http11.Http11NioProtocol - Starting ProtocolHandler ["http-nio-8100"]
2022-06-30_15-27-41 [restartedMain] INFO  o.s.b.w.e.tomcat.TomcatWebServer - Tomcat started on port(s): 8100 (http) with context path '/ipTreatmentOffering'
2022-06-30_15-27-41 [restartedMain] INFO  s.d.s.w.p.DocumentationPluginsBootstrapper - Context refreshed
2022-06-30_15-27-41 [restartedMain] INFO  s.d.s.w.p.DocumentationPluginsBootstrapper - Found 1 custom documentation plugin(s)
2022-06-30_15-27-41 [restartedMain] INFO  s.d.s.w.s.ApiListingReferenceScanner - Scanning for api listing references
2022-06-30_15-27-41 [restartedMain] INFO  c.c.m.IpTreatmentOfferingApplication - Started IpTreatmentOfferingApplication in 14.407 seconds (JVM running for 1221.9)
2022-06-30_15-27-41 [restartedMain] INFO  o.s.b.d.a.ConditionEvaluationDeltaLoggingListener - Condition evaluation unchanged
2022-06-30_15-27-41 [http-nio-8100-exec-1] INFO  o.a.c.c.C.[.[.[/ipTreatmentOffering] - Initializing Spring DispatcherServlet 'dispatcherServlet'
2022-06-30_15-27-41 [http-nio-8100-exec-1] INFO  o.s.web.servlet.DispatcherServlet - Initializing Servlet 'dispatcherServlet'
2022-06-30_15-27-41 [http-nio-8100-exec-1] INFO  o.s.web.servlet.DispatcherServlet - Completed initialization in 1 ms
2022-06-30_15-27-41 [http-nio-8100-exec-1] INFO  c.c.m.s.IPTreatmentOfferingServiceImpl - [Specialist details:] [SpecialistDetail(specialistId=1, name=Dr Riya, areaOfExpertise=ORTHOPAIDICS, experienceInYears=10, contactNumber=9945672345), SpecialistDetail(specialistId=2, name=Dr Karan, areaOfExpertise=ORTHOPAIDICS, experienceInYears=8, contactNumber=8876523457), SpecialistDetail(specialistId=3, name=Dr Harsh, areaOfExpertise=UROLOGY, experienceInYears=7, contactNumber=9422467465), SpecialistDetail(specialistId=4, name=Dr Shreya, areaOfExpertise=UROLOGY, experienceInYears=11, contactNumber=756842689)]
2022-06-30_15-27-41 [http-nio-8100-exec-2] INFO  c.c.m.s.IPTreatmentOfferingServiceImpl - [IPTreatmentPackage details:] [IPTreatmentPackage(treatmentPackageId=1, ailmentCategory=ORTHOPAIDICS, packageDetail=PackageDetail(pid=101, treatmentPackageName=Package 1, testDetails=[OPT1, OPT2], cost=25000, treatmentDuration=4)), IPTreatmentPackage(treatmentPackageId=2, ailmentCategory=ORTHOPAIDICS, packageDetail=PackageDetail(pid=102, treatmentPackageName=Package 2, testDetails=[OPT3, OPT4], cost=30000, treatmentDuration=6)), IPTreatmentPackage(treatmentPackageId=3, ailmentCategory=UROLOGY, packageDetail=PackageDetail(pid=103, treatmentPackageName=Package 1, testDetails=[UPT1, UPT2], cost=40000, treatmentDuration=4)), IPTreatmentPackage(treatmentPackageId=4, ailmentCategory=UROLOGY, packageDetail=PackageDetail(pid=104, treatmentPackageName=Package 2, testDetails=[UPT3, UPT4], cost=50000, treatmentDuration=6))]
2022-06-30_15-27-41 [http-nio-8100-exec-3] INFO  c.c.m.s.IPTreatmentOfferingServiceImpl - [IPTreatmentPackage (Package 1) detail:] IPTreatmentPackage(treatmentPackageId=3, ailmentCategory=UROLOGY, packageDetail=PackageDetail(pid=103, treatmentPackageName=Package 1, testDetails=[UPT1, UPT2], cost=40000, treatmentDuration=4))
2022-06-30_15-27-41 [http-nio-8100-exec-5] INFO  c.c.m.s.IPTreatmentOfferingServiceImpl - [Specialist details:] [SpecialistDetail(specialistId=1, name=Dr Riya, areaOfExpertise=ORTHOPAIDICS, experienceInYears=10, contactNumber=9945672345), SpecialistDetail(specialistId=2, name=Dr Karan, areaOfExpertise=ORTHOPAIDICS, experienceInYears=8, contactNumber=8876523457), SpecialistDetail(specialistId=3, name=Dr Harsh, areaOfExpertise=UROLOGY, experienceInYears=7, contactNumber=9422467465), SpecialistDetail(specialistId=4, name=Dr Shreya, areaOfExpertise=UROLOGY, experienceInYears=11, contactNumber=756842689)]
2022-06-30_15-27-41 [http-nio-8100-exec-6] INFO  c.c.m.s.IPTreatmentOfferingServiceImpl - [IPTreatmentPackage details:] [IPTreatmentPackage(treatmentPackageId=1, ailmentCategory=ORTHOPAIDICS, packageDetail=PackageDetail(pid=101, treatmentPackageName=Package 1, testDetails=[OPT1, OPT2], cost=25000, treatmentDuration=4)), IPTreatmentPackage(treatmentPackageId=2, ailmentCategory=ORTHOPAIDICS, packageDetail=PackageDetail(pid=102, treatmentPackageName=Package 2, testDetails=[OPT3, OPT4], cost=30000, treatmentDuration=6)), IPTreatmentPackage(treatmentPackageId=3, ailmentCategory=UROLOGY, packageDetail=PackageDetail(pid=103, treatmentPackageName=Package 1, testDetails=[UPT1, UPT2], cost=40000, treatmentDuration=4)), IPTreatmentPackage(treatmentPackageId=4, ailmentCategory=UROLOGY, packageDetail=PackageDetail(pid=104, treatmentPackageName=Package 2, testDetails=[UPT3, UPT4], cost=50000, treatmentDuration=6))]
